<?xml version="1.0" encoding="UTF-8"?>
<!-- Generated by org.testng.reporters.JUnitXMLReporter -->
<testsuite hostname="MURALI-QA" name="CompanyAdminSignup" tests="1" failures="1" timestamp="28 Aug 2019 10:48:41 GMT" time="91.059" errors="0">
  <testcase name="companyOwnerSignup" time="89.578" classname="com.test.angular.suite.Company_Admin_Signup_Test">
    <failure type="java.lang.AssertionError" message="Company Admin Role verification failed expected [true] but found [false]">
      <![CDATA[java.lang.AssertionError: Company Admin Role verification failed expected [true] but found [false]
	at com.test.angular.suite.Company_Admin_Signup_Test.companyOwnerSignup(Company_Admin_Signup_Test.java:97)
... Removed 27 stack frames]]>
    </failure>
  </testcase> <!-- companyOwnerSignup -->
</testsuite> <!-- CompanyAdminSignup -->
