<?xml version="1.0" encoding="UTF-8"?>
<!-- Generated by org.testng.reporters.JUnitXMLReporter -->
<testsuite hostname="MURALI-QA" name="LapaLopaEmployee_Signup" tests="2" failures="0" timestamp="23 Aug 2019 05:14:52 GMT" time="416.587" errors="0">
  <testcase name="UserRegistration" time="40.073" classname="com.test.angular.suite.Yopmail_Signup"/>
  <testcase name="SignUp_Neighbor" time="374.6" classname="com.test.angular.suite.Vendor_SignUp_Test"/>
</testsuite> <!-- LapaLopaEmployee_Signup -->
