<?xml version="1.0" encoding="UTF-8"?>
<testng-results skipped="0" failed="0" total="1" passed="1">
  <reporter-output>
  </reporter-output>
  <suite name="Default suite" duration-ms="134676" started-at="2020-07-06T20:37:36Z" finished-at="2020-07-06T20:39:51Z">
    <groups>
    </groups>
    <test name="Default test" duration-ms="134676" started-at="2020-07-06T20:37:36Z" finished-at="2020-07-06T20:39:51Z">
      <class name="com.test.angular.suite.ExistingUser_Login_Test">
        <test-method status="PASS" signature="launchApplication()[pri:0, instance:com.test.angular.suite.ExistingUser_Login_Test@7f77e91b]" name="launchApplication" is-config="true" duration-ms="8" started-at="2020-07-07T02:07:36Z" finished-at="2020-07-07T02:07:36Z">
          <reporter-output>
          </reporter-output>
        </test-method> <!-- launchApplication -->
        <test-method status="PASS" signature="Login()[pri:0, instance:com.test.angular.suite.ExistingUser_Login_Test@7f77e91b]" name="Login" duration-ms="134657" started-at="2020-07-07T02:07:36Z" finished-at="2020-07-07T02:09:51Z">
          <reporter-output>
          </reporter-output>
        </test-method> <!-- Login -->
        <test-method status="PASS" signature="CloseTest()[pri:0, instance:com.test.angular.suite.ExistingUser_Login_Test@7f77e91b]" name="CloseTest" is-config="true" duration-ms="1" started-at="2020-07-07T02:09:51Z" finished-at="2020-07-07T02:09:51Z">
          <reporter-output>
          </reporter-output>
        </test-method> <!-- CloseTest -->
      </class> <!-- com.test.angular.suite.ExistingUser_Login_Test -->
    </test> <!-- Default test -->
  </suite> <!-- Default suite -->
</testng-results>
